<?xml version="1.0" encoding="UTF-8"?>
<!-- Generated by org.testng.reporters.JUnitXMLReporter -->
<testsuite hostname="CSSLSYSTEM-424" name="Smoke Test" tests="5" failures="1" timestamp="1 Apr 2016 12:35:44 GMT" time="323.142" errors="0">
  <testcase name="validateOperationalLayers" time="0.705" classname="findParcel.ValidateOperationalLayersOnLoad"/>
  <testcase name="siteSpecificIncentives" time="33.072" classname="findParcel.SiteSpecificIncentives"/>
  <testcase name="blockAndLotSearch" time="8.525" classname="findParcel.BlockAndLotSearch">
    <failure type="java.lang.AssertionError" message="expected [true] but found [false]">
      <![CDATA[java.lang.AssertionError: expected [true] but found [false]
	at findParcel.BlockAndLotSearch.blockAndLotSearch(BlockAndLotSearch.java:75)
... Removed 27 stack frames]]>
    </failure>
  </testcase> <!-- blockAndLotSearch -->
  <testcase name="propertyClass" time="9.102" classname="findParcel.PropertyClass"/>
  <testcase name="contentsOfAcreage" time="33.357" classname="findParcel.ContentsOfLayers"/>
</testsuite> <!-- Smoke Test -->
