<?xml version="1.0" encoding="UTF-8"?>
<!-- Generated by org.testng.reporters.JUnitXMLReporter -->
<testsuite hostname="CSSLSYSTEM-424" name="Test one" tests="8" failures="1" timestamp="31 Mar 2016 06:39:25 GMT" time="481.364" errors="0">
  <testcase name="displayLocalInfoLayers" time="21.354" classname="analyzeParcels.LayerInfoDisplayLocalInfoLayers"/>
  <testcase name="displayLocalInfoLayers" time="24.328" classname="analyzeParcels.LayerInfoDisplayLocalInfoLayers"/>
  <testcase name="layerInfoParcelLayers" time="3.598" classname="analyzeParcels.LayerInfoParcelLayers"/>
  <testcase name="layerInfoParcelLayers" time="3.51" classname="analyzeParcels.LayerInfoParcelLayers"/>
  <testcase name="displayReferenceLayers" time="42.417" classname="analyzeParcels.LayerInfoReferenceLayers">
    <failure type="java.lang.AssertionError" message="expected [true] but found [false]">
      <![CDATA[java.lang.AssertionError: expected [true] but found [false]
	at analyzeParcels.LayerInfoReferenceLayers.displayReferenceLayers(LayerInfoReferenceLayers.java:88)
... Removed 28 stack frames]]>
    </failure>
  </testcase> <!-- displayReferenceLayers -->
  <testcase name="displayReferenceLayers" time="19.089" classname="analyzeParcels.LayerInfoReferenceLayers"/>
  <testcase name="layerInfoSiteSpecificIncentiveLayers" time="18.653" classname="analyzeParcels.LayerInfoSiteSpecificIncentiveLayers"/>
  <testcase name="verifyParcelBlockAndLotReport" time="40.576" classname="analyzeParcels.VerifyReports"/>
</testsuite> <!-- Test one -->
